This is pdfTeX, Version 3.14159265-2.6-1.40.19 (MiKTeX 2.9.6930 64-bit) (preloaded format=pdflatex 2019.2.15)  24 NOV 2019 13:58
entering extended mode
**./talk.tex
(talk.tex
LaTeX2e <2018-12-01>
(C:\Users\eleur\AppData\Roaming\MiKTeX\2.9\tex/latex/beamer\beamer.cls
Document Class: beamer 2018/12/02 v3.55 A class for typesetting presentations

(C:\Users\eleur\AppData\Roaming\MiKTeX\2.9\tex/latex/beamer\beamerbasemodes.sty
(C:\Users\eleur\AppData\Roaming\MiKTeX\2.9\tex/latex/etoolbox\etoolbox.sty
Package: etoolbox 2018/08/19 v2.5f e-TeX tools for LaTeX (JAW)
\etb@tempcnta=\count80
)
\beamer@tempbox=\box27
\beamer@tempcount=\count81
\c@beamerpauses=\count82

(C:\Users\eleur\AppData\Roaming\MiKTeX\2.9\tex/latex/beamer\beamerbasedecode.st
y
\beamer@slideinframe=\count83
\beamer@minimum=\count84
)
\beamer@commentbox=\box28
\beamer@modecount=\count85
) ("C:\Program Files\MiKTeX 2.9\tex/generic/oberdiek\ifpdf.sty"
Package: ifpdf 2018/09/07 v3.3 Provides the ifpdf switch
)
\headdp=\dimen102
\footheight=\dimen103
\sidebarheight=\dimen104
\beamer@tempdim=\dimen105
\beamer@finalheight=\dimen106
\beamer@animht=\dimen107
\beamer@animdp=\dimen108
\beamer@animwd=\dimen109
\beamer@leftmargin=\dimen110
\beamer@rightmargin=\dimen111
\beamer@leftsidebar=\dimen112
\beamer@rightsidebar=\dimen113
\beamer@boxsize=\dimen114
\beamer@vboxoffset=\dimen115
\beamer@descdefault=\dimen116
\beamer@descriptionwidth=\dimen117
\beamer@lastskip=\skip41
\beamer@areabox=\box29
\beamer@animcurrent=\box30
\beamer@animshowbox=\box31
\beamer@sectionbox=\box32
\beamer@logobox=\box33
\beamer@linebox=\box34
\beamer@sectioncount=\count86
\beamer@subsubsectionmax=\count87
\beamer@subsectionmax=\count88
\beamer@sectionmax=\count89
\beamer@totalheads=\count90
\beamer@headcounter=\count91
\beamer@partstartpage=\count92
\beamer@sectionstartpage=\count93
\beamer@subsectionstartpage=\count94
\beamer@animationtempa=\count95
\beamer@animationtempb=\count96
\beamer@xpos=\count97
\beamer@ypos=\count98
\beamer@ypos@offset=\count99
\beamer@showpartnumber=\count100
\beamer@currentsubsection=\count101
\beamer@coveringdepth=\count102
\beamer@sectionadjust=\count103
\beamer@tocsectionnumber=\count104

(C:\Users\eleur\AppData\Roaming\MiKTeX\2.9\tex/latex/beamer\beamerbaseoptions.s
ty ("C:\Program Files\MiKTeX 2.9\tex/latex/graphics\keyval.sty"
Package: keyval 2014/10/28 v1.15 key=value parser (DPC)
\KV@toks@=\toks14
))
\beamer@paperwidth=\skip42
\beamer@paperheight=\skip43

("C:\Program Files\MiKTeX 2.9\tex/latex/geometry\geometry.sty"
Package: geometry 2018/04/16 v5.8 Page Geometry

("C:\Program Files\MiKTeX 2.9\tex/generic/oberdiek\ifvtex.sty"
Package: ifvtex 2016/05/16 v1.6 Detect VTeX and its facilities (HO)
Package ifvtex Info: VTeX not detected.
)
("C:\Program Files\MiKTeX 2.9\tex/generic/ifxetex\ifxetex.sty"
Package: ifxetex 2010/09/12 v0.6 Provides ifxetex conditional
)
\Gm@cnth=\count105
\Gm@cntv=\count106
\c@Gm@tempcnt=\count107
\Gm@bindingoffset=\dimen118
\Gm@wd@mp=\dimen119
\Gm@odd@mp=\dimen120
\Gm@even@mp=\dimen121
\Gm@layoutwidth=\dimen122
\Gm@layoutheight=\dimen123
\Gm@layouthoffset=\dimen124
\Gm@layoutvoffset=\dimen125
\Gm@dimlist=\toks15

("C:\Program Files\MiKTeX 2.9\tex/latex/geometry\geometry.cfg"))
("C:\Program Files\MiKTeX 2.9\tex/latex/base\size11.clo"
File: size11.clo 2018/09/03 v1.4i Standard LaTeX file (size option)
)
(C:\Users\eleur\AppData\Roaming\MiKTeX\2.9\tex/latex/pgf/basiclayer\pgfcore.sty
("C:\Program Files\MiKTeX 2.9\tex/latex/graphics\graphicx.sty"
Package: graphicx 2017/06/01 v1.1a Enhanced LaTeX Graphics (DPC,SPQR)

("C:\Program Files\MiKTeX 2.9\tex/latex/graphics\graphics.sty"
Package: graphics 2017/06/25 v1.2c Standard LaTeX Graphics (DPC,SPQR)

("C:\Program Files\MiKTeX 2.9\tex/latex/graphics\trig.sty"
Package: trig 2016/01/03 v1.10 sin cos tan (DPC)
)
("C:\Program Files\MiKTeX 2.9\tex/latex/graphics-cfg\graphics.cfg"
File: graphics.cfg 2016/06/04 v1.11 sample graphics configuration
)
Package graphics Info: Driver file: pdftex.def on input line 99.

("C:\Program Files\MiKTeX 2.9\tex/latex/graphics-def\pdftex.def"
File: pdftex.def 2018/01/08 v1.0l Graphics/color driver for pdftex
))
\Gin@req@height=\dimen126
\Gin@req@width=\dimen127
)
(C:\Users\eleur\AppData\Roaming\MiKTeX\2.9\tex/latex/pgf/systemlayer\pgfsys.sty
(C:\Users\eleur\AppData\Roaming\MiKTeX\2.9\tex/latex/pgf/utilities\pgfrcs.sty
(C:\Users\eleur\AppData\Roaming\MiKTeX\2.9\tex/generic/pgf/utilities\pgfutil-co
mmon.tex
\pgfutil@everybye=\toks16
\pgfutil@tempdima=\dimen128
\pgfutil@tempdimb=\dimen129

(C:\Users\eleur\AppData\Roaming\MiKTeX\2.9\tex/generic/pgf/utilities\pgfutil-co
mmon-lists.tex))
(C:\Users\eleur\AppData\Roaming\MiKTeX\2.9\tex/generic/pgf/utilities\pgfutil-la
tex.def
\pgfutil@abb=\box35
 (C:\Users\eleur\AppData\Roaming\MiKTeX\2.9\tex/latex/ms\everyshi.sty
Package: everyshi 2001/05/15 v3.00 EveryShipout Package (MS)
))
(C:\Users\eleur\AppData\Roaming\MiKTeX\2.9\tex/generic/pgf/utilities\pgfrcs.cod
e.tex
(C:\Users\eleur\AppData\Roaming\MiKTeX\2.9\tex/generic/pgf\pgf.revision.tex)
Package: pgfrcs 2019/02/02 v3.1.1 (3.1.1)
))
(C:\Users\eleur\AppData\Roaming\MiKTeX\2.9\tex/generic/pgf/systemlayer\pgfsys.c
ode.tex
Package: pgfsys 2019/02/02 v3.1.1 (3.1.1)

(C:\Users\eleur\AppData\Roaming\MiKTeX\2.9\tex/generic/pgf/utilities\pgfkeys.co
de.tex
\pgfkeys@pathtoks=\toks17
\pgfkeys@temptoks=\toks18

(C:\Users\eleur\AppData\Roaming\MiKTeX\2.9\tex/generic/pgf/utilities\pgfkeysfil
tered.code.tex
\pgfkeys@tmptoks=\toks19
))
\pgf@x=\dimen130
\pgf@y=\dimen131
\pgf@xa=\dimen132
\pgf@ya=\dimen133
\pgf@xb=\dimen134
\pgf@yb=\dimen135
\pgf@xc=\dimen136
\pgf@yc=\dimen137
\w@pgf@writea=\write3
\r@pgf@reada=\read1
\c@pgf@counta=\count108
\c@pgf@countb=\count109
\c@pgf@countc=\count110
\c@pgf@countd=\count111
\t@pgf@toka=\toks20
\t@pgf@tokb=\toks21
\t@pgf@tokc=\toks22
\pgf@sys@id@count=\count112

(C:\Users\eleur\AppData\Roaming\MiKTeX\2.9\tex/generic/pgf/systemlayer\pgf.cfg
File: pgf.cfg 2019/02/02 v3.1.1 (3.1.1)
)
Driver file for pgf: pgfsys-pdftex.def

(C:\Users\eleur\AppData\Roaming\MiKTeX\2.9\tex/generic/pgf/systemlayer\pgfsys-p
dftex.def
File: pgfsys-pdftex.def 2019/02/02 v3.1.1 (3.1.1)

(C:\Users\eleur\AppData\Roaming\MiKTeX\2.9\tex/generic/pgf/systemlayer\pgfsys-c
ommon-pdf.def
File: pgfsys-common-pdf.def 2019/02/02 v3.1.1 (3.1.1)
)))
(C:\Users\eleur\AppData\Roaming\MiKTeX\2.9\tex/generic/pgf/systemlayer\pgfsysso
ftpath.code.tex
File: pgfsyssoftpath.code.tex 2019/02/02 v3.1.1 (3.1.1)
\pgfsyssoftpath@smallbuffer@items=\count113
\pgfsyssoftpath@bigbuffer@items=\count114
)
(C:\Users\eleur\AppData\Roaming\MiKTeX\2.9\tex/generic/pgf/systemlayer\pgfsyspr
otocol.code.tex
File: pgfsysprotocol.code.tex 2019/02/02 v3.1.1 (3.1.1)
))
(C:\Users\eleur\AppData\Roaming\MiKTeX\2.9\tex/latex/xcolor\xcolor.sty
Package: xcolor 2016/05/11 v2.12 LaTeX color extensions (UK)

("C:\Program Files\MiKTeX 2.9\tex/latex/graphics-cfg\color.cfg"
File: color.cfg 2016/01/02 v1.6 sample color configuration
)
Package xcolor Info: Driver file: pdftex.def on input line 225.
Package xcolor Info: Model `cmy' substituted by `cmy0' on input line 1348.
Package xcolor Info: Model `hsb' substituted by `rgb' on input line 1352.
Package xcolor Info: Model `RGB' extended on input line 1364.
Package xcolor Info: Model `HTML' substituted by `rgb' on input line 1366.
Package xcolor Info: Model `Hsb' substituted by `hsb' on input line 1367.
Package xcolor Info: Model `tHsb' substituted by `hsb' on input line 1368.
Package xcolor Info: Model `HSB' substituted by `hsb' on input line 1369.
Package xcolor Info: Model `Gray' substituted by `gray' on input line 1370.
Package xcolor Info: Model `wave' substituted by `hsb' on input line 1371.
)
(C:\Users\eleur\AppData\Roaming\MiKTeX\2.9\tex/generic/pgf/basiclayer\pgfcore.c
ode.tex
Package: pgfcore 2019/02/02 v3.1.1 (3.1.1)

(C:\Users\eleur\AppData\Roaming\MiKTeX\2.9\tex/generic/pgf/math\pgfmath.code.te
x
(C:\Users\eleur\AppData\Roaming\MiKTeX\2.9\tex/generic/pgf/math\pgfmathcalc.cod
e.tex
(C:\Users\eleur\AppData\Roaming\MiKTeX\2.9\tex/generic/pgf/math\pgfmathutil.cod
e.tex)
(C:\Users\eleur\AppData\Roaming\MiKTeX\2.9\tex/generic/pgf/math\pgfmathparser.c
ode.tex
\pgfmath@dimen=\dimen138
\pgfmath@count=\count115
\pgfmath@box=\box36
\pgfmath@toks=\toks23
\pgfmath@stack@operand=\toks24
\pgfmath@stack@operation=\toks25
)
(C:\Users\eleur\AppData\Roaming\MiKTeX\2.9\tex/generic/pgf/math\pgfmathfunction
s.code.tex
(C:\Users\eleur\AppData\Roaming\MiKTeX\2.9\tex/generic/pgf/math\pgfmathfunction
s.basic.code.tex)
(C:\Users\eleur\AppData\Roaming\MiKTeX\2.9\tex/generic/pgf/math\pgfmathfunction
s.trigonometric.code.tex)
(C:\Users\eleur\AppData\Roaming\MiKTeX\2.9\tex/generic/pgf/math\pgfmathfunction
s.random.code.tex)
(C:\Users\eleur\AppData\Roaming\MiKTeX\2.9\tex/generic/pgf/math\pgfmathfunction
s.comparison.code.tex)
(C:\Users\eleur\AppData\Roaming\MiKTeX\2.9\tex/generic/pgf/math\pgfmathfunction
s.base.code.tex)
(C:\Users\eleur\AppData\Roaming\MiKTeX\2.9\tex/generic/pgf/math\pgfmathfunction
s.round.code.tex)
(C:\Users\eleur\AppData\Roaming\MiKTeX\2.9\tex/generic/pgf/math\pgfmathfunction
s.misc.code.tex)
(C:\Users\eleur\AppData\Roaming\MiKTeX\2.9\tex/generic/pgf/math\pgfmathfunction
s.integerarithmetics.code.tex)))
(C:\Users\eleur\AppData\Roaming\MiKTeX\2.9\tex/generic/pgf/math\pgfmathfloat.co
de.tex
\c@pgfmathroundto@lastzeros=\count116
))
(C:\Users\eleur\AppData\Roaming\MiKTeX\2.9\tex/generic/pgf/basiclayer\pgfcorepo
ints.code.tex
File: pgfcorepoints.code.tex 2019/02/02 v3.1.1 (3.1.1)
\pgf@picminx=\dimen139
\pgf@picmaxx=\dimen140
\pgf@picminy=\dimen141
\pgf@picmaxy=\dimen142
\pgf@pathminx=\dimen143
\pgf@pathmaxx=\dimen144
\pgf@pathminy=\dimen145
\pgf@pathmaxy=\dimen146
\pgf@xx=\dimen147
\pgf@xy=\dimen148
\pgf@yx=\dimen149
\pgf@yy=\dimen150
\pgf@zx=\dimen151
\pgf@zy=\dimen152
)
(C:\Users\eleur\AppData\Roaming\MiKTeX\2.9\tex/generic/pgf/basiclayer\pgfcorepa
thconstruct.code.tex
File: pgfcorepathconstruct.code.tex 2019/02/02 v3.1.1 (3.1.1)
\pgf@path@lastx=\dimen153
\pgf@path@lasty=\dimen154
)
(C:\Users\eleur\AppData\Roaming\MiKTeX\2.9\tex/generic/pgf/basiclayer\pgfcorepa
thusage.code.tex
File: pgfcorepathusage.code.tex 2019/02/02 v3.1.1 (3.1.1)
\pgf@shorten@end@additional=\dimen155
\pgf@shorten@start@additional=\dimen156
)
(C:\Users\eleur\AppData\Roaming\MiKTeX\2.9\tex/generic/pgf/basiclayer\pgfcoresc
opes.code.tex
File: pgfcorescopes.code.tex 2019/02/02 v3.1.1 (3.1.1)
\pgfpic=\box37
\pgf@hbox=\box38
\pgf@layerbox@main=\box39
\pgf@picture@serial@count=\count117
)
(C:\Users\eleur\AppData\Roaming\MiKTeX\2.9\tex/generic/pgf/basiclayer\pgfcoregr
aphicstate.code.tex
File: pgfcoregraphicstate.code.tex 2019/02/02 v3.1.1 (3.1.1)
\pgflinewidth=\dimen157
)
(C:\Users\eleur\AppData\Roaming\MiKTeX\2.9\tex/generic/pgf/basiclayer\pgfcoretr
ansformations.code.tex
File: pgfcoretransformations.code.tex 2019/02/02 v3.1.1 (3.1.1)
\pgf@pt@x=\dimen158
\pgf@pt@y=\dimen159
\pgf@pt@temp=\dimen160
)
(C:\Users\eleur\AppData\Roaming\MiKTeX\2.9\tex/generic/pgf/basiclayer\pgfcorequ
ick.code.tex
File: pgfcorequick.code.tex 2019/02/02 v3.1.1 (3.1.1)
)
(C:\Users\eleur\AppData\Roaming\MiKTeX\2.9\tex/generic/pgf/basiclayer\pgfcoreob
jects.code.tex
File: pgfcoreobjects.code.tex 2019/02/02 v3.1.1 (3.1.1)
)
(C:\Users\eleur\AppData\Roaming\MiKTeX\2.9\tex/generic/pgf/basiclayer\pgfcorepa
thprocessing.code.tex
File: pgfcorepathprocessing.code.tex 2019/02/02 v3.1.1 (3.1.1)
)
(C:\Users\eleur\AppData\Roaming\MiKTeX\2.9\tex/generic/pgf/basiclayer\pgfcorear
rows.code.tex
File: pgfcorearrows.code.tex 2019/02/02 v3.1.1 (3.1.1)
\pgfarrowsep=\dimen161
)
(C:\Users\eleur\AppData\Roaming\MiKTeX\2.9\tex/generic/pgf/basiclayer\pgfcoresh
ade.code.tex
File: pgfcoreshade.code.tex 2019/02/02 v3.1.1 (3.1.1)
\pgf@max=\dimen162
\pgf@sys@shading@range@num=\count118
)
(C:\Users\eleur\AppData\Roaming\MiKTeX\2.9\tex/generic/pgf/basiclayer\pgfcoreim
age.code.tex
File: pgfcoreimage.code.tex 2019/02/02 v3.1.1 (3.1.1)

(C:\Users\eleur\AppData\Roaming\MiKTeX\2.9\tex/generic/pgf/basiclayer\pgfcoreex
ternal.code.tex
File: pgfcoreexternal.code.tex 2019/02/02 v3.1.1 (3.1.1)
\pgfexternal@startupbox=\box40
))
(C:\Users\eleur\AppData\Roaming\MiKTeX\2.9\tex/generic/pgf/basiclayer\pgfcorela
yers.code.tex
File: pgfcorelayers.code.tex 2019/02/02 v3.1.1 (3.1.1)
)
(C:\Users\eleur\AppData\Roaming\MiKTeX\2.9\tex/generic/pgf/basiclayer\pgfcoretr
ansparency.code.tex
File: pgfcoretransparency.code.tex 2019/02/02 v3.1.1 (3.1.1)
)
(C:\Users\eleur\AppData\Roaming\MiKTeX\2.9\tex/generic/pgf/basiclayer\pgfcorepa
tterns.code.tex
File: pgfcorepatterns.code.tex 2019/02/02 v3.1.1 (3.1.1)
)
(C:\Users\eleur\AppData\Roaming\MiKTeX\2.9\tex/generic/pgf/basiclayer\pgfcorerd
f.code.tex
File: pgfcorerdf.code.tex 2019/02/02 v3.1.1 (3.1.1)
)))
(C:\Users\eleur\AppData\Roaming\MiKTeX\2.9\tex/latex/pgf/utilities\xxcolor.sty
Package: xxcolor 2003/10/24 ver 0.1
\XC@nummixins=\count119
\XC@countmixins=\count120
) ("C:\Program Files\MiKTeX 2.9\tex/generic/oberdiek\atbegshi.sty"
Package: atbegshi 2016/06/09 v1.18 At begin shipout hook (HO)

("C:\Program Files\MiKTeX 2.9\tex/generic/oberdiek\infwarerr.sty"
Package: infwarerr 2016/05/16 v1.4 Providing info/warning/error messages (HO)
)
("C:\Program Files\MiKTeX 2.9\tex/generic/oberdiek\ltxcmds.sty"
Package: ltxcmds 2016/05/16 v1.23 LaTeX kernel commands for general use (HO)
))
("C:\Program Files\MiKTeX 2.9\tex/latex/hyperref\hyperref.sty"
Package: hyperref 2018/11/30 v6.88e Hypertext links for LaTeX

("C:\Program Files\MiKTeX 2.9\tex/generic/oberdiek\hobsub-hyperref.sty"
Package: hobsub-hyperref 2016/05/16 v1.14 Bundle oberdiek, subset hyperref (HO)


("C:\Program Files\MiKTeX 2.9\tex/generic/oberdiek\hobsub-generic.sty"
Package: hobsub-generic 2016/05/16 v1.14 Bundle oberdiek, subset generic (HO)
Package: hobsub 2016/05/16 v1.14 Construct package bundles (HO)
Package hobsub Info: Skipping package `infwarerr' (already loaded).
Package hobsub Info: Skipping package `ltxcmds' (already loaded).
Package: ifluatex 2016/05/16 v1.4 Provides the ifluatex switch (HO)
Package ifluatex Info: LuaTeX not detected.
Package hobsub Info: Skipping package `ifvtex' (already loaded).
Package: intcalc 2016/05/16 v1.2 Expandable calculations with integers (HO)
Package hobsub Info: Skipping package `ifpdf' (already loaded).
Package: etexcmds 2016/05/16 v1.6 Avoid name clashes with e-TeX commands (HO)
Package: kvsetkeys 2016/05/16 v1.17 Key value parser (HO)
Package: kvdefinekeys 2016/05/16 v1.4 Define keys (HO)
Package: pdftexcmds 2018/09/10 v0.29 Utility functions of pdfTeX for LuaTeX (HO
)
Package pdftexcmds Info: LuaTeX not detected.
Package pdftexcmds Info: \pdf@primitive is available.
Package pdftexcmds Info: \pdf@ifprimitive is available.
Package pdftexcmds Info: \pdfdraftmode found.
Package: pdfescape 2016/05/16 v1.14 Implements pdfTeX's escape features (HO)
Package: bigintcalc 2016/05/16 v1.4 Expandable calculations on big integers (HO
)
Package: bitset 2016/05/16 v1.2 Handle bit-vector datatype (HO)
Package: uniquecounter 2016/05/16 v1.3 Provide unlimited unique counter (HO)
)
Package hobsub Info: Skipping package `hobsub' (already loaded).
Package: letltxmacro 2016/05/16 v1.5 Let assignment for LaTeX macros (HO)
Package: hopatch 2016/05/16 v1.3 Wrapper for package hooks (HO)
Package: xcolor-patch 2016/05/16 xcolor patch
Package: atveryend 2016/05/16 v1.9 Hooks at the very end of document (HO)
Package hobsub Info: Skipping package `atbegshi' (already loaded).
Package: refcount 2016/05/16 v3.5 Data extraction from label references (HO)
Package: hycolor 2016/05/16 v1.8 Color options for hyperref/bookmark (HO)
)
("C:\Program Files\MiKTeX 2.9\tex/latex/oberdiek\auxhook.sty"
Package: auxhook 2016/05/16 v1.4 Hooks for auxiliary files (HO)
)
("C:\Program Files\MiKTeX 2.9\tex/latex/oberdiek\kvoptions.sty"
Package: kvoptions 2016/05/16 v3.12 Key value format for package options (HO)
)
\@linkdim=\dimen163
\Hy@linkcounter=\count121
\Hy@pagecounter=\count122

("C:\Program Files\MiKTeX 2.9\tex/latex/hyperref\pd1enc.def"
File: pd1enc.def 2018/11/30 v6.88e Hyperref: PDFDocEncoding definition (HO)
Now handling font encoding PD1 ...
... no UTF-8 mapping file for font encoding PD1
)
\Hy@SavedSpaceFactor=\count123

("C:\Program Files\MiKTeX 2.9\tex/latex/00miktex\hyperref.cfg"
File: hyperref.cfg 2002/06/06 v1.2 hyperref configuration of TeXLive
)
Package hyperref Info: Option `bookmarks' set `true' on input line 4393.
Package hyperref Info: Option `bookmarksopen' set `true' on input line 4393.
Package hyperref Info: Option `implicit' set `false' on input line 4393.
Package hyperref Info: Hyper figures OFF on input line 4519.
Package hyperref Info: Link nesting OFF on input line 4524.
Package hyperref Info: Hyper index ON on input line 4527.
Package hyperref Info: Plain pages OFF on input line 4534.
Package hyperref Info: Backreferencing OFF on input line 4539.
Package hyperref Info: Implicit mode OFF; no redefinition of LaTeX internals.
Package hyperref Info: Bookmarks ON on input line 4772.
\c@Hy@tempcnt=\count124

(C:\Users\eleur\AppData\Roaming\MiKTeX\2.9\tex/latex/url\url.sty
\Urlmuskip=\muskip10
Package: url 2013/09/16  ver 3.4  Verb mode for urls, etc.
)
LaTeX Info: Redefining \url on input line 5125.
\XeTeXLinkMargin=\dimen164
\Fld@menulength=\count125
\Field@Width=\dimen165
\Fld@charsize=\dimen166
Package hyperref Info: Hyper figures OFF on input line 6380.
Package hyperref Info: Link nesting OFF on input line 6385.
Package hyperref Info: Hyper index ON on input line 6388.
Package hyperref Info: backreferencing OFF on input line 6395.
Package hyperref Info: Link coloring OFF on input line 6400.
Package hyperref Info: Link coloring with OCG OFF on input line 6405.
Package hyperref Info: PDF/A mode OFF on input line 6410.
LaTeX Info: Redefining \ref on input line 6450.
LaTeX Info: Redefining \pageref on input line 6454.
\Hy@abspage=\count126


Package hyperref Message: Stopped early.

)
Package hyperref Info: Driver (autodetected): hpdftex.
 ("C:\Program Files\MiKTeX 2.9\tex/latex/hyperref\hpdftex.def"
File: hpdftex.def 2018/11/30 v6.88e Hyperref driver for pdfTeX
\Fld@listcount=\count127
\c@bookmark@seq@number=\count128

("C:\Program Files\MiKTeX 2.9\tex/latex/oberdiek\rerunfilecheck.sty"
Package: rerunfilecheck 2016/05/16 v1.8 Rerun checks for auxiliary files (HO)
Package uniquecounter Info: New unique counter `rerunfilecheck' on input line 2
82.
))
(C:\Users\eleur\AppData\Roaming\MiKTeX\2.9\tex/latex/beamer\beamerbaserequires.
sty
(C:\Users\eleur\AppData\Roaming\MiKTeX\2.9\tex/latex/beamer\beamerbasecompatibi
lity.sty)
(C:\Users\eleur\AppData\Roaming\MiKTeX\2.9\tex/latex/beamer\beamerbasefont.sty
("C:\Program Files\MiKTeX 2.9\tex/latex/amsfonts\amssymb.sty"
Package: amssymb 2013/01/14 v3.01 AMS font symbols

("C:\Program Files\MiKTeX 2.9\tex/latex/amsfonts\amsfonts.sty"
Package: amsfonts 2013/01/14 v3.01 Basic AMSFonts support
\@emptytoks=\toks26
\symAMSa=\mathgroup4
\symAMSb=\mathgroup5
LaTeX Font Info:    Overwriting math alphabet `\mathfrak' in version `bold'
(Font)                  U/euf/m/n --> U/euf/b/n on input line 106.
))
(C:\Users\eleur\AppData\Roaming\MiKTeX\2.9\tex/latex/sansmathaccent\sansmathacc
ent.sty
Package: sansmathaccent 2013/03/28

(C:\Users\eleur\AppData\Roaming\MiKTeX\2.9\tex/latex/filehook\filehook.sty
Package: filehook 2011/10/12 v0.5d Hooks for input files
)))
(C:\Users\eleur\AppData\Roaming\MiKTeX\2.9\tex/latex/beamer\beamerbasetranslato
r.sty
(C:\Users\eleur\AppData\Roaming\MiKTeX\2.9\tex/latex/translator\translator.sty
Package: translator 2018/01/04 v1.12 Easy translation of strings in LaTeX
))
(C:\Users\eleur\AppData\Roaming\MiKTeX\2.9\tex/latex/beamer\beamerbasemisc.sty)

(C:\Users\eleur\AppData\Roaming\MiKTeX\2.9\tex/latex/beamer\beamerbasetwoscreen
s.sty)
(C:\Users\eleur\AppData\Roaming\MiKTeX\2.9\tex/latex/beamer\beamerbaseoverlay.s
ty
\beamer@argscount=\count129
\beamer@lastskipcover=\skip44
\beamer@trivlistdepth=\count130
)
(C:\Users\eleur\AppData\Roaming\MiKTeX\2.9\tex/latex/beamer\beamerbasetitle.sty
)
(C:\Users\eleur\AppData\Roaming\MiKTeX\2.9\tex/latex/beamer\beamerbasesection.s
ty
\c@lecture=\count131
\c@part=\count132
\c@section=\count133
\c@subsection=\count134
\c@subsubsection=\count135
)
(C:\Users\eleur\AppData\Roaming\MiKTeX\2.9\tex/latex/beamer\beamerbaseframe.sty
\beamer@framebox=\box41
\beamer@frametitlebox=\box42
\beamer@zoombox=\box43
\beamer@zoomcount=\count136
\beamer@zoomframecount=\count137
\beamer@frametextheight=\dimen167
\c@subsectionslide=\count138
\beamer@frametopskip=\skip45
\beamer@framebottomskip=\skip46
\beamer@frametopskipautobreak=\skip47
\beamer@framebottomskipautobreak=\skip48
\beamer@envbody=\toks27
\framewidth=\dimen168
\c@framenumber=\count139
)
(C:\Users\eleur\AppData\Roaming\MiKTeX\2.9\tex/latex/beamer\beamerbaseverbatim.
sty
\beamer@verbatimfileout=\write4
)
(C:\Users\eleur\AppData\Roaming\MiKTeX\2.9\tex/latex/beamer\beamerbaseframesize
.sty
\beamer@splitbox=\box44
\beamer@autobreakcount=\count140
\beamer@autobreaklastheight=\dimen169
\beamer@frametitletoks=\toks28
\beamer@framesubtitletoks=\toks29
)
(C:\Users\eleur\AppData\Roaming\MiKTeX\2.9\tex/latex/beamer\beamerbaseframecomp
onents.sty
\beamer@footins=\box45
)
(C:\Users\eleur\AppData\Roaming\MiKTeX\2.9\tex/latex/beamer\beamerbasecolor.sty
)
(C:\Users\eleur\AppData\Roaming\MiKTeX\2.9\tex/latex/beamer\beamerbasenotes.sty
\beamer@frameboxcopy=\box46
) (C:\Users\eleur\AppData\Roaming\MiKTeX\2.9\tex/latex/beamer\beamerbasetoc.sty
)
(C:\Users\eleur\AppData\Roaming\MiKTeX\2.9\tex/latex/beamer\beamerbasetemplates
.sty
\beamer@sbttoks=\toks30

(C:\Users\eleur\AppData\Roaming\MiKTeX\2.9\tex/latex/beamer\beamerbaseauxtempla
tes.sty
(C:\Users\eleur\AppData\Roaming\MiKTeX\2.9\tex/latex/beamer\beamerbaseboxes.sty
\bmb@box=\box47
\bmb@colorbox=\box48
\bmb@boxshadow=\box49
\bmb@boxshadowball=\box50
\bmb@boxshadowballlarge=\box51
\bmb@temp=\dimen170
\bmb@dima=\dimen171
\bmb@dimb=\dimen172
\bmb@prevheight=\dimen173
)
\beamer@blockheadheight=\dimen174
))
(C:\Users\eleur\AppData\Roaming\MiKTeX\2.9\tex/latex/beamer\beamerbaselocalstru
cture.sty ("C:\Program Files\MiKTeX 2.9\tex/latex/tools\enumerate.sty"
Package: enumerate 2015/07/23 v3.00 enumerate extensions (DPC)
\@enLab=\toks31
)
\c@figure=\count141
\c@table=\count142
\abovecaptionskip=\skip49
\belowcaptionskip=\skip50
)
(C:\Users\eleur\AppData\Roaming\MiKTeX\2.9\tex/latex/beamer\beamerbasenavigatio
n.sty
\beamer@section@min@dim=\dimen175
)
(C:\Users\eleur\AppData\Roaming\MiKTeX\2.9\tex/latex/beamer\beamerbasetheorems.
sty ("C:\Program Files\MiKTeX 2.9\tex/latex/amsmath\amsmath.sty"
Package: amsmath 2018/12/01 v2.17b AMS math features
\@mathmargin=\skip51

For additional information on amsmath, use the `?' option.
("C:\Program Files\MiKTeX 2.9\tex/latex/amsmath\amstext.sty"
Package: amstext 2000/06/29 v2.01 AMS text

("C:\Program Files\MiKTeX 2.9\tex/latex/amsmath\amsgen.sty"
File: amsgen.sty 1999/11/30 v2.0 generic functions
\@emptytoks=\toks32
\ex@=\dimen176
))
("C:\Program Files\MiKTeX 2.9\tex/latex/amsmath\amsbsy.sty"
Package: amsbsy 1999/11/29 v1.2d Bold Symbols
\pmbraise@=\dimen177
)
("C:\Program Files\MiKTeX 2.9\tex/latex/amsmath\amsopn.sty"
Package: amsopn 2016/03/08 v2.02 operator names
)
\inf@bad=\count143
LaTeX Info: Redefining \frac on input line 223.
\uproot@=\count144
\leftroot@=\count145
LaTeX Info: Redefining \overline on input line 385.
\classnum@=\count146
\DOTSCASE@=\count147
LaTeX Info: Redefining \ldots on input line 482.
LaTeX Info: Redefining \dots on input line 485.
LaTeX Info: Redefining \cdots on input line 606.
\Mathstrutbox@=\box52
\strutbox@=\box53
\big@size=\dimen178
LaTeX Font Info:    Redeclaring font encoding OML on input line 729.
LaTeX Font Info:    Redeclaring font encoding OMS on input line 730.
\macc@depth=\count148
\c@MaxMatrixCols=\count149
\dotsspace@=\muskip11
\c@parentequation=\count150
\dspbrk@lvl=\count151
\tag@help=\toks33
\row@=\count152
\column@=\count153
\maxfields@=\count154
\andhelp@=\toks34
\eqnshift@=\dimen179
\alignsep@=\dimen180
\tagshift@=\dimen181
\tagwidth@=\dimen182
\totwidth@=\dimen183
\lineht@=\dimen184
\@envbody=\toks35
\multlinegap=\skip52
\multlinetaggap=\skip53
\mathdisplay@stack=\toks36
LaTeX Info: Redefining \[ on input line 2844.
LaTeX Info: Redefining \] on input line 2845.
)
("C:\Program Files\MiKTeX 2.9\tex/latex/amscls\amsthm.sty"
Package: amsthm 2017/10/31 v2.20.4
\thm@style=\toks37
\thm@bodyfont=\toks38
\thm@headfont=\toks39
\thm@notefont=\toks40
\thm@headpunct=\toks41
\thm@preskip=\skip54
\thm@postskip=\skip55
\thm@headsep=\skip56
\dth@everypar=\toks42
)
\c@theorem=\count155
)
(C:\Users\eleur\AppData\Roaming\MiKTeX\2.9\tex/latex/beamer\beamerbasethemes.st
y))
(C:\Users\eleur\AppData\Roaming\MiKTeX\2.9\tex/latex/beamer\beamerthemedefault.
sty
(C:\Users\eleur\AppData\Roaming\MiKTeX\2.9\tex/latex/beamer\beamerfontthemedefa
ult.sty)
(C:\Users\eleur\AppData\Roaming\MiKTeX\2.9\tex/latex/beamer\beamercolorthemedef
ault.sty)
(C:\Users\eleur\AppData\Roaming\MiKTeX\2.9\tex/latex/beamer\beamerinnerthemedef
ault.sty
\beamer@dima=\dimen185
\beamer@dimb=\dimen186
)
(C:\Users\eleur\AppData\Roaming\MiKTeX\2.9\tex/latex/beamer\beamerouterthemedef
ault.sty)))
(C:\Users\eleur\AppData\Roaming\MiKTeX\2.9\tex/latex/comment\comment.sty
\CommentStream=\write5

Excluding comment 'comment')
(C:\Users\eleur\AppData\Roaming\MiKTeX\2.9\tex/latex/natbib\natbib.sty
Package: natbib 2010/09/13 8.31b (PWD, AO)
\bibhang=\skip57
\bibsep=\skip58
LaTeX Info: Redefining \cite on input line 694.
\c@NAT@ctr=\count156
)
("C:\Program Files\MiKTeX 2.9\tex/latex/etex-pkg\etex.sty"
Package: etex 2016/08/01 v2.7 eTeX basic definition package (PEB,DPC)
\et@xins=\count157
)
(C:\Users\eleur\AppData\Roaming\MiKTeX\2.9\tex/latex/pgf/utilities\pgffor.sty
(C:\Users\eleur\AppData\Roaming\MiKTeX\2.9\tex/latex/pgf/utilities\pgfkeys.sty
(C:\Users\eleur\AppData\Roaming\MiKTeX\2.9\tex/generic/pgf/utilities\pgfkeys.co
de.tex))
(C:\Users\eleur\AppData\Roaming\MiKTeX\2.9\tex/latex/pgf/math\pgfmath.sty
(C:\Users\eleur\AppData\Roaming\MiKTeX\2.9\tex/generic/pgf/math\pgfmath.code.te
x))
(C:\Users\eleur\AppData\Roaming\MiKTeX\2.9\tex/generic/pgf/utilities\pgffor.cod
e.tex
Package: pgffor 2019/02/02 v3.1.1 (3.1.1)

(C:\Users\eleur\AppData\Roaming\MiKTeX\2.9\tex/generic/pgf/math\pgfmath.code.te
x)
\pgffor@iter=\dimen187
\pgffor@skip=\dimen188
\pgffor@stack=\toks43
\pgffor@toks=\toks44
)) ("C:\Program Files\MiKTeX 2.9\tex/latex/base\inputenc.sty"
Package: inputenc 2018/08/11 v1.3c Input encoding file
\inpenc@prehook=\toks45
\inpenc@posthook=\toks46
)
(C:\Users\eleur\AppData\Roaming\MiKTeX\2.9\tex/latex/pgf/frontendlayer\tikz.sty
(C:\Users\eleur\AppData\Roaming\MiKTeX\2.9\tex/latex/pgf/basiclayer\pgf.sty
Package: pgf 2019/02/02 v3.1.1 (3.1.1)

(C:\Users\eleur\AppData\Roaming\MiKTeX\2.9\tex/generic/pgf/modules\pgfmodulesha
pes.code.tex
File: pgfmoduleshapes.code.tex 2019/02/02 v3.1.1 (3.1.1)
\pgfnodeparttextbox=\box54
)
(C:\Users\eleur\AppData\Roaming\MiKTeX\2.9\tex/generic/pgf/modules\pgfmoduleplo
t.code.tex
File: pgfmoduleplot.code.tex 2019/02/02 v3.1.1 (3.1.1)
)
(C:\Users\eleur\AppData\Roaming\MiKTeX\2.9\tex/latex/pgf/compatibility\pgfcomp-
version-0-65.sty
Package: pgfcomp-version-0-65 2019/02/02 v3.1.1 (3.1.1)
Normal \dimen register pool exhausted, switching to extended pool.
\pgf@nodesepstart=\dimen256
\pgf@nodesepend=\dimen257
)
(C:\Users\eleur\AppData\Roaming\MiKTeX\2.9\tex/latex/pgf/compatibility\pgfcomp-
version-1-18.sty
Package: pgfcomp-version-1-18 2019/02/02 v3.1.1 (3.1.1)
))
(C:\Users\eleur\AppData\Roaming\MiKTeX\2.9\tex/generic/pgf/frontendlayer/tikz\t
ikz.code.tex
Package: tikz 2019/02/02 v3.1.1 (3.1.1)

(C:\Users\eleur\AppData\Roaming\MiKTeX\2.9\tex/generic/pgf/libraries\pgflibrary
plothandlers.code.tex
File: pgflibraryplothandlers.code.tex 2019/02/02 v3.1.1 (3.1.1)
\pgf@plot@mark@count=\count158
\pgfplotmarksize=\dimen258
)
\tikz@lastx=\dimen259
\tikz@lasty=\dimen260
\tikz@lastxsaved=\dimen261
\tikz@lastysaved=\dimen262
\tikzleveldistance=\dimen263
\tikzsiblingdistance=\dimen264
\tikz@figbox=\box55
\tikz@figbox@bg=\box56
\tikz@tempbox=\box57
\tikz@tempbox@bg=\box58
\tikztreelevel=\count159
\tikznumberofchildren=\count160
\tikznumberofcurrentchild=\count161
\tikz@fig@count=\count162

(C:\Users\eleur\AppData\Roaming\MiKTeX\2.9\tex/generic/pgf/modules\pgfmodulemat
rix.code.tex
File: pgfmodulematrix.code.tex 2019/02/02 v3.1.1 (3.1.1)
\pgfmatrixcurrentrow=\count163
\pgfmatrixcurrentcolumn=\count164
\pgf@matrix@numberofcolumns=\count165
)
\tikz@expandcount=\count166

(C:\Users\eleur\AppData\Roaming\MiKTeX\2.9\tex/generic/pgf/frontendlayer/tikz/l
ibraries\tikzlibrarytopaths.code.tex
File: tikzlibrarytopaths.code.tex 2019/02/02 v3.1.1 (3.1.1)
)))
(C:\Users\eleur\AppData\Roaming\MiKTeX\2.9\tex/latex/hf-tikz\hf-tikz.sty
Package: hf-tikz 2014/07/25 v0.3a A simple way to highlight formulas and formul
a parts.

(C:\Users\eleur\AppData\Roaming\MiKTeX\2.9\tex/generic/pgf/frontendlayer/tikz/l
ibraries\tikzlibraryshadings.code.tex
File: tikzlibraryshadings.code.tex 2019/02/02 v3.1.1 (3.1.1)

(C:\Users\eleur\AppData\Roaming\MiKTeX\2.9\tex/generic/pgf/libraries\pgflibrary
shadings.code.tex
File: pgflibraryshadings.code.tex 2019/02/02 v3.1.1 (3.1.1)
))
(C:\Users\eleur\AppData\Roaming\MiKTeX\2.9\tex/latex/l3packages/xparse\xparse.s
ty (C:\Users\eleur\AppData\Roaming\MiKTeX\2.9\tex/latex/l3kernel\expl3.sty
Package: expl3 2019-03-05 L3 programming layer (loader) 

(C:\Users\eleur\AppData\Roaming\MiKTeX\2.9\tex/latex/l3kernel\expl3-code.tex
Package: expl3 2019-03-05 L3 programming layer (code)
\c_max_int=\count167
\l_tmpa_int=\count168
\l_tmpb_int=\count169
\g_tmpa_int=\count170
\g_tmpb_int=\count171
Normal \count register pool exhausted, switching to extended pool.
\g__kernel_prg_map_int=\count277
\c_log_iow=\count278
\l_iow_line_count_int=\count279
\l__iow_line_target_int=\count280
\l__iow_one_indent_int=\count281
\l__iow_indent_int=\count282
\c_zero_dim=\dimen265
\c_max_dim=\dimen266
\l_tmpa_dim=\dimen267
\l_tmpb_dim=\dimen268
\g_tmpa_dim=\dimen269
\g_tmpb_dim=\dimen270
\c_zero_skip=\skip59
\c_max_skip=\skip60
\l_tmpa_skip=\skip61
\l_tmpb_skip=\skip62
\g_tmpa_skip=\skip63
\g_tmpb_skip=\skip64
\c_zero_muskip=\muskip12
\c_max_muskip=\muskip13
\l_tmpa_muskip=\muskip14
\l_tmpb_muskip=\muskip15
\g_tmpa_muskip=\muskip16
\g_tmpb_muskip=\muskip17
\l_keys_choice_int=\count283
\l__intarray_loop_int=\count284
\c__intarray_sp_dim=\dimen271
\g__intarray_font_int=\count285
\c__fp_leading_shift_int=\count286
\c__fp_middle_shift_int=\count287
\c__fp_trailing_shift_int=\count288
\c__fp_big_leading_shift_int=\count289
\c__fp_big_middle_shift_int=\count290
\c__fp_big_trailing_shift_int=\count291
\c__fp_Bigg_leading_shift_int=\count292
\c__fp_Bigg_middle_shift_int=\count293
\c__fp_Bigg_trailing_shift_int=\count294
\c__kernel_randint_max_int=\count295
\g__fp_array_int=\count296
\l__fp_array_loop_int=\count297
\l__sort_length_int=\count298
\l__sort_min_int=\count299
\l__sort_top_int=\count300
\l__sort_max_int=\count301
\l__sort_true_max_int=\count302
\l__sort_block_int=\count303
\l__sort_begin_int=\count304
\l__sort_end_int=\count305
\l__sort_A_int=\count306
\l__sort_B_int=\count307
\l__sort_C_int=\count308
\l__tl_analysis_normal_int=\count309
\l__tl_analysis_index_int=\count310
\l__tl_analysis_nesting_int=\count311
\l__tl_analysis_type_int=\count312
\l__regex_internal_a_int=\count313
\l__regex_internal_b_int=\count314
\l__regex_internal_c_int=\count315
\l__regex_balance_int=\count316
\l__regex_group_level_int=\count317
\l__regex_mode_int=\count318
\c__regex_cs_in_class_mode_int=\count319
\c__regex_cs_mode_int=\count320
\l__regex_catcodes_int=\count321
\l__regex_default_catcodes_int=\count322
\c__regex_catcode_D_int=\count323
\c__regex_catcode_S_int=\count324
\c__regex_catcode_L_int=\count325
\c__regex_catcode_O_int=\count326
\c__regex_catcode_A_int=\count327
\c__regex_all_catcodes_int=\count328
\l__regex_show_lines_int=\count329
\l__regex_min_state_int=\count330
\l__regex_max_state_int=\count331
\l__regex_left_state_int=\count332
\l__regex_right_state_int=\count333
\l__regex_capturing_group_int=\count334
\l__regex_min_pos_int=\count335
\l__regex_max_pos_int=\count336
\l__regex_curr_pos_int=\count337
\l__regex_start_pos_int=\count338
\l__regex_success_pos_int=\count339
\l__regex_curr_char_int=\count340
\l__regex_curr_catcode_int=\count341
\l__regex_last_char_int=\count342
\l__regex_case_changed_char_int=\count343
\l__regex_curr_state_int=\count344
\l__regex_step_int=\count345
\l__regex_min_active_int=\count346
\l__regex_max_active_int=\count347
\l__regex_replacement_csnames_int=\count348
\l__regex_match_count_int=\count349
\l__regex_min_submatch_int=\count350
\l__regex_submatch_int=\count351
\l__regex_zeroth_submatch_int=\count352
\g__regex_trace_regex_int=\count353
\c_empty_box=\box59
\l_tmpa_box=\box60
\l_tmpb_box=\box61
\g_tmpa_box=\box62
\g_tmpb_box=\box63
\l__box_top_dim=\dimen272
\l__box_bottom_dim=\dimen273
\l__box_left_dim=\dimen274
\l__box_right_dim=\dimen275
\l__box_top_new_dim=\dimen276
\l__box_bottom_new_dim=\dimen277
\l__box_left_new_dim=\dimen278
\l__box_right_new_dim=\dimen279
\l__box_internal_box=\box64
\l__coffin_internal_box=\box65
\l__coffin_internal_dim=\dimen280
\l__coffin_offset_x_dim=\dimen281
\l__coffin_offset_y_dim=\dimen282
\l__coffin_x_dim=\dimen283
\l__coffin_y_dim=\dimen284
\l__coffin_x_prime_dim=\dimen285
\l__coffin_y_prime_dim=\dimen286
\c_empty_coffin=\box66
\l__coffin_aligned_coffin=\box67
\l__coffin_aligned_internal_coffin=\box68
\l_tmpa_coffin=\box69
\l_tmpb_coffin=\box70
\g_tmpa_coffin=\box71
\g_tmpb_coffin=\box72
\l__coffin_bounding_shift_dim=\dimen287
\l__coffin_left_corner_dim=\dimen288
\l__coffin_right_corner_dim=\dimen289
\l__coffin_bottom_corner_dim=\dimen290
\l__coffin_top_corner_dim=\dimen291
\l__coffin_scaled_total_height_dim=\dimen292
\l__coffin_scaled_width_dim=\dimen293
\c__coffin_empty_coffin=\box73
\l__coffin_display_coffin=\box74
\l__coffin_display_coord_coffin=\box75
\l__coffin_display_pole_coffin=\box76
\l__coffin_display_offset_dim=\dimen294
\l__coffin_display_x_dim=\dimen295
\l__coffin_display_y_dim=\dimen296
\g__file_internal_ior=\read2
\l__seq_internal_a_int=\count354
\l__seq_internal_b_int=\count355
\c__deprecation_minus_one=\count356
)
(C:\Users\eleur\AppData\Roaming\MiKTeX\2.9\tex/latex/l3kernel\l3pdfmode.def
File: l3pdfmode.def 2019-03-05 v L3 Experimental driver: PDF mode
\l__driver_color_stack_int=\count357
))
Package: xparse 2019-03-05 L3 Experimental document command parser
\l__xparse_current_arg_int=\count358
\g__xparse_grabber_int=\count359
\l__xparse_m_args_int=\count360
\l__xparse_v_nesting_int=\count361
)) (C:\Users\eleur\AppData\Roaming\MiKTeX\2.9\tex/latex/mathtools\mathtools.sty
Package: mathtools 2018/01/08 v1.21 mathematical typesetting tools

("C:\Program Files\MiKTeX 2.9\tex/latex/tools\calc.sty"
Package: calc 2017/05/25 v4.3 Infix arithmetic (KKT,FJ)
\calc@Acount=\count362
\calc@Bcount=\count363
\calc@Adimen=\dimen297
\calc@Bdimen=\dimen298
\calc@Askip=\skip65
\calc@Bskip=\skip66
LaTeX Info: Redefining \setlength on input line 80.
LaTeX Info: Redefining \addtolength on input line 81.
\calc@Ccount=\count364
\calc@Cskip=\skip67
)
(C:\Users\eleur\AppData\Roaming\MiKTeX\2.9\tex/latex/mathtools\mhsetup.sty
Package: mhsetup 2017/03/31 v1.3 programming setup (MH)
)
LaTeX Info: Thecontrolsequence`\('isalreadyrobust on input line 129.
LaTeX Info: Thecontrolsequence`\)'isalreadyrobust on input line 129.
LaTeX Info: Thecontrolsequence`\['isalreadyrobust on input line 129.
LaTeX Info: Thecontrolsequence`\]'isalreadyrobust on input line 129.
\g_MT_multlinerow_int=\count365
\l_MT_multwidth_dim=\dimen299
\origjot=\skip68
\l_MT_shortvdotswithinadjustabove_dim=\dimen300
\l_MT_shortvdotswithinadjustbelow_dim=\dimen301
\l_MT_above_intertext_sep=\dimen302
\l_MT_below_intertext_sep=\dimen303
\l_MT_above_shortintertext_sep=\dimen304
\l_MT_below_shortintertext_sep=\dimen305
)
(C:\Users\eleur\AppData\Roaming\MiKTeX\2.9\tex/latex/beamer\multimedia.sty
Package: multimedia 2012/05/02 ver 0.02
\mm@movie=\count366
)
(C:\Users\eleur\AppData\Roaming\MiKTeX\2.9\tex/latex/esint\esint.sty
Package: esint 
\symlargesymbolsA=\mathgroup6
)
(C:\Users\eleur\AppData\Roaming\MiKTeX\2.9\tex/latex/stmaryrd\stmaryrd.sty
Package: stmaryrd 1994/03/03 St Mary's Road symbol package
\symstmry=\mathgroup7
LaTeX Font Info:    Overwriting symbol font `stmry' in version `bold'
(Font)                  U/stmry/m/n --> U/stmry/b/n on input line 89.
)
("C:\Program Files\MiKTeX 2.9\tex/latex/tools\tabularx.sty"
Package: tabularx 2016/02/03 v2.11b `tabularx' package (DPC)

("C:\Program Files\MiKTeX 2.9\tex/latex/tools\array.sty"
Package: array 2018/11/13 v2.4j Tabular extension package (FMi)
\col@sep=\dimen306
\ar@mcellbox=\box77
\extrarowheight=\dimen307
\NC@list=\toks47
\extratabsurround=\skip69
\backup@length=\skip70
\ar@cellbox=\box78
)
\TX@col@width=\dimen308
\TX@old@table=\dimen309
\TX@old@col=\dimen310
\TX@target=\dimen311
\TX@delta=\dimen312
\TX@cols=\count367
\TX@ftn=\toks48
)
("C:\Program Files\MiKTeX 2.9\tex/latex/multirow\multirow.sty"
Package: multirow 2019/01/01 v2.4 Span multiple rows of a table
\multirow@colwidth=\skip71
\multirow@cntb=\count368
\multirow@dima=\skip72
\bigstrutjot=\dimen313
)
(C:\Users\eleur\AppData\Roaming\MiKTeX\2.9\tex/latex/siunits\SIunits.sty
Package: SIunits 2007/12/02 v1.36 Support for the International System of units
 (MH)


\@qskwidth=\skip73
Now handling font encoding TS1 ...
... processing UTF-8 mapping file for font encoding TS1
("C:\Program Files\MiKTeX 2.9\tex/latex/base\ts1enc.dfu"
File: ts1enc.dfu 2018/10/05 v1.2f UTF-8 support for inputenc
   defining Unicode char U+00A2 (decimal 162)
   defining Unicode char U+00A3 (decimal 163)
   defining Unicode char U+00A4 (decimal 164)
   defining Unicode char U+00A5 (decimal 165)
   defining Unicode char U+00A6 (decimal 166)
   defining Unicode char U+00A7 (decimal 167)
   defining Unicode char U+00A8 (decimal 168)
   defining Unicode char U+00A9 (decimal 169)
   defining Unicode char U+00AA (decimal 170)
   defining Unicode char U+00AC (decimal 172)
   defining Unicode char U+00AE (decimal 174)
   defining Unicode char U+00AF (decimal 175)
   defining Unicode char U+00B0 (decimal 176)
   defining Unicode char U+00B1 (decimal 177)
   defining Unicode char U+00B2 (decimal 178)
   defining Unicode char U+00B3 (decimal 179)
   defining Unicode char U+00B4 (decimal 180)
   defining Unicode char U+00B5 (decimal 181)
   defining Unicode char U+00B6 (decimal 182)
   defining Unicode char U+00B7 (decimal 183)
   defining Unicode char U+00B9 (decimal 185)
   defining Unicode char U+00BA (decimal 186)
   defining Unicode char U+00BC (decimal 188)
   defining Unicode char U+00BD (decimal 189)
   defining Unicode char U+00BE (decimal 190)
   defining Unicode char U+00D7 (decimal 215)
   defining Unicode char U+00F7 (decimal 247)
   defining Unicode char U+0192 (decimal 402)
   defining Unicode char U+02C7 (decimal 711)
   defining Unicode char U+02D8 (decimal 728)
   defining Unicode char U+02DD (decimal 733)
   defining Unicode char U+0E3F (decimal 3647)
   defining Unicode char U+2016 (decimal 8214)
   defining Unicode char U+2020 (decimal 8224)
   defining Unicode char U+2021 (decimal 8225)
   defining Unicode char U+2022 (decimal 8226)
   defining Unicode char U+2030 (decimal 8240)
   defining Unicode char U+2031 (decimal 8241)
   defining Unicode char U+203B (decimal 8251)
   defining Unicode char U+203D (decimal 8253)
   defining Unicode char U+2044 (decimal 8260)
   defining Unicode char U+204E (decimal 8270)
   defining Unicode char U+2052 (decimal 8274)
   defining Unicode char U+20A1 (decimal 8353)
   defining Unicode char U+20A4 (decimal 8356)
   defining Unicode char U+20A6 (decimal 8358)
   defining Unicode char U+20A9 (decimal 8361)
   defining Unicode char U+20AB (decimal 8363)
   defining Unicode char U+20AC (decimal 8364)
   defining Unicode char U+20B1 (decimal 8369)
   defining Unicode char U+2103 (decimal 8451)
   defining Unicode char U+2116 (decimal 8470)
   defining Unicode char U+2117 (decimal 8471)
   defining Unicode char U+211E (decimal 8478)
   defining Unicode char U+2120 (decimal 8480)
   defining Unicode char U+2122 (decimal 8482)
   defining Unicode char U+2126 (decimal 8486)
   defining Unicode char U+2127 (decimal 8487)
   defining Unicode char U+212E (decimal 8494)
   defining Unicode char U+2190 (decimal 8592)
   defining Unicode char U+2191 (decimal 8593)
   defining Unicode char U+2192 (decimal 8594)
   defining Unicode char U+2193 (decimal 8595)
   defining Unicode char U+2329 (decimal 9001)
   defining Unicode char U+232A (decimal 9002)
   defining Unicode char U+2422 (decimal 9250)
   defining Unicode char U+25E6 (decimal 9702)
   defining Unicode char U+25EF (decimal 9711)
   defining Unicode char U+266A (decimal 9834)
   defining Unicode char U+FEFF (decimal 65279)
)
\symgreek=\mathgroup8

(C:\Users\eleur\AppData\Roaming\MiKTeX\2.9\tex/latex/siunits\SIunits.cfg)
Option `squaren' provided!
) (C:\Users\eleur\AppData\Roaming\MiKTeX\2.9\tex/latex/subfig\subfig.sty
Package: subfig 2005/06/28 ver: 1.3 subfig package

(C:\Users\eleur\AppData\Roaming\MiKTeX\2.9\tex/latex/caption\caption.sty
Package: caption 2018/10/06 v3.3-154 Customizing captions (AR)

(C:\Users\eleur\AppData\Roaming\MiKTeX\2.9\tex/latex/caption\caption3.sty
Package: caption3 2018/09/12 v1.8c caption3 kernel (AR)
Package caption3 Info: TeX engine: e-TeX on input line 64.
\captionmargin=\dimen314
\captionmargin@=\dimen315
\captionwidth=\dimen316
\caption@tempdima=\dimen317
\caption@indent=\dimen318
\caption@parindent=\dimen319
\caption@hangindent=\dimen320
)
\c@caption@flags=\count369
\c@ContinuedFloat=\count370
Package caption Info: beamer document class.
Package caption Info: hyperref package is loaded.
Package caption Info: Hyperref support is turned off
(caption)             because hyperref has stopped early.
)
\c@KVtest=\count371
\sf@farskip=\skip74
\sf@captopadj=\dimen321
\sf@capskip=\skip75
\sf@nearskip=\skip76
\c@subfigure=\count372
\c@subfigure@save=\count373
\c@depth=\count374
\c@subtable=\count375
\c@subtable@save=\count376
\sf@top=\skip77
\sf@bottom=\skip78
)
(C:\Users\eleur\AppData\Roaming\MiKTeX\2.9\tex/latex/diagbox\diagbox.sty
Package: diagbox 2016/12/28 v2.2 Making table heads with diagonal lines

(C:\Users\eleur\AppData\Roaming\MiKTeX\2.9\tex/latex/pict2e\pict2e.sty
Package: pict2e 2016/02/05 v0.3b Improved picture commands (HjG,RN,JT)

(C:\Users\eleur\AppData\Roaming\MiKTeX\2.9\tex/latex/pict2e\pict2e.cfg
File: pict2e.cfg 2016/02/05 v0.1u pict2e configuration for teTeX/TeXLive
)
Package pict2e Info: Driver file: pdftex.def on input line 119.
Package pict2e Info: Driver file for pict2e: p2e-pdftex.def on input line 121.

(C:\Users\eleur\AppData\Roaming\MiKTeX\2.9\tex/latex/pict2e\p2e-pdftex.def
File: p2e-pdftex.def 2016/02/05 v0.1u Driver-dependant file (RN,HjG,JT)
)
\pIIe@GRAPH=\toks49
\@arclen=\dimen322
\@arcrad=\dimen323
\@tempdimd=\dimen324
)
(C:\Users\eleur\AppData\Roaming\MiKTeX\2.9\tex/latex/fp\fp.sty
Package: fp 1995/04/02

`Fixed Point Package', Version 0.8, April 2, 1995 (C) Michael Mehlich
(C:\Users\eleur\AppData\Roaming\MiKTeX\2.9\tex/latex/fp\defpattern.sty
Package: defpattern 1994/10/12
\actioncount=\count377
)
(C:\Users\eleur\AppData\Roaming\MiKTeX\2.9\tex/latex/fp\fp-basic.sty
Package: fp-basic 1996/05/13
\FP@xs=\count378
\FP@xia=\count379
\FP@xib=\count380
\FP@xfa=\count381
\FP@xfb=\count382
\FP@rega=\count383
\FP@regb=\count384
\FP@regs=\count385
\FP@times=\count386
)
(C:\Users\eleur\AppData\Roaming\MiKTeX\2.9\tex/latex/fp\fp-addons.sty
Package: fp-addons 1995/03/15
)
(C:\Users\eleur\AppData\Roaming\MiKTeX\2.9\tex/latex/fp\fp-snap.sty
Package: fp-snap 1995/04/05
)
(C:\Users\eleur\AppData\Roaming\MiKTeX\2.9\tex/latex/fp\fp-exp.sty
Package: fp-exp 1995/04/03
)
(C:\Users\eleur\AppData\Roaming\MiKTeX\2.9\tex/latex/fp\fp-trigo.sty
Package: fp-trigo 1995/04/14
)
(C:\Users\eleur\AppData\Roaming\MiKTeX\2.9\tex/latex/fp\fp-pas.sty
Package: fp-pas 1994/08/29
)
(C:\Users\eleur\AppData\Roaming\MiKTeX\2.9\tex/latex/fp\fp-random.sty
Package: fp-random 1995/02/23
\FPseed=\count387
)
(C:\Users\eleur\AppData\Roaming\MiKTeX\2.9\tex/latex/fp\fp-eqn.sty
Package: fp-eqn 1995/04/03
)
(C:\Users\eleur\AppData\Roaming\MiKTeX\2.9\tex/latex/fp\fp-upn.sty
Package: fp-upn 1996/10/21
)
(C:\Users\eleur\AppData\Roaming\MiKTeX\2.9\tex/latex/fp\fp-eval.sty
Package: fp-eval 1995/04/03
))
\diagbox@boxa=\box79
\diagbox@boxb=\box80
\diagbox@boxm=\box81
\diagbox@wd=\dimen325
\diagbox@ht=\dimen326
\diagbox@insepl=\dimen327
\diagbox@insepr=\dimen328
\diagbox@outsepl=\dimen329
\diagbox@outsepr=\dimen330
)
(C:\Users\eleur\AppData\Roaming\MiKTeX\2.9\tex/latex/pdfpages\pdfpages.sty
Package: pdfpages 2017/10/31 v0.5l Insert pages of external PDF documents (AM)

("C:\Program Files\MiKTeX 2.9\tex/latex/base\ifthen.sty"
Package: ifthen 2014/09/29 v1.1c Standard LaTeX ifthen package (DPC)
)
(C:\Users\eleur\AppData\Roaming\MiKTeX\2.9\tex/latex/eso-pic\eso-pic.sty
Package: eso-pic 2018/04/12 v2.0h eso-pic (RN)
)
\AM@pagewidth=\dimen331
\AM@pageheight=\dimen332

(C:\Users\eleur\AppData\Roaming\MiKTeX\2.9\tex/latex/pdfpages\pppdftex.def
File: pppdftex.def 2017/10/31 v0.5l Pdfpages driver for pdfTeX (AM)
)
\AM@pagebox=\box82
\AM@global@opts=\toks50
\AM@toc@title=\toks51
\c@AM@survey=\count388
\AM@templatesizebox=\box83
)
(C:\Users\eleur\AppData\Roaming\MiKTeX\2.9\tex/latex/doublestroke\dsfont.sty
Package: dsfont 1995/08/01 v0.1 Double stroke roman fonts
)
(C:\Users\eleur\AppData\Roaming\MiKTeX\2.9\tex/latex/soul\soul.sty
Package: soul 2003/11/17 v2.4 letterspacing/underlining (mf)
\SOUL@word=\toks52
\SOUL@lasttoken=\toks53
\SOUL@cmds=\toks54
\SOUL@buffer=\toks55
\SOUL@token=\toks56
\SOUL@spaceskip=\skip79
\SOUL@ttwidth=\dimen333
\SOUL@uldp=\dimen334
\SOUL@ulht=\dimen335
)
(C:\Users\eleur\AppData\Roaming\MiKTeX\2.9\tex/latex/algorithm2e\algorithm2e.st
y
Package: algorithm2e 2017/07/18 v5.2 algorithms environments
\c@AlgoLine=\count389
\algocf@hangindent=\skip80
 (C:\Users\eleur\AppData\Roaming\MiKTeX\2.9\tex/latex/ifoddpage\ifoddpage.sty
Package: ifoddpage 2016/04/23 v1.1 Conditionals for odd/even page detection
\c@checkoddpage=\count390
) ("C:\Program Files\MiKTeX 2.9\tex/latex/tools\xspace.sty"
Package: xspace 2014/10/28 v1.13 Space after command names (DPC,MH)
)
(C:\Users\eleur\AppData\Roaming\MiKTeX\2.9\tex/latex/relsize\relsize.sty
Package: relsize 2013/03/29 ver 4.1
)
\skiptotal=\skip81
\skiplinenumber=\skip82
\skiprule=\skip83
\skiphlne=\skip84
\skiptext=\skip85
\skiplength=\skip86
\algomargin=\skip87
\skipalgocfslide=\skip88
\algowidth=\dimen336
\inoutsize=\dimen337
\inoutindent=\dimen338
\interspacetitleruled=\dimen339
\interspacealgoruled=\dimen340
\interspacetitleboxruled=\dimen341
\algocf@ruledwidth=\skip89
\algocf@inoutbox=\box84
\algocf@inputbox=\box85
\AlCapSkip=\skip90
\AlCapHSkip=\skip91
\algoskipindent=\skip92
\algocf@nlbox=\box86
\algocf@hangingbox=\box87
\algocf@untilbox=\box88
\algocf@skipuntil=\skip93
\algocf@capbox=\box89
\algocf@lcaptionbox=\skip94
\algoheightruledefault=\skip95
\algoheightrule=\skip96
\algotitleheightruledefault=\skip97
\algotitleheightrule=\skip98
\c@algocfline=\count391
\c@algocfproc=\count392
\c@algocf=\count393
\algocf@algoframe=\box90
\algocf@algobox=\box91
)

! LaTeX Error: File `talk/mathdef.tex' not found.

Type X to quit or <RETURN> to proceed,
or enter new name. (Default extension: tex)

Enter file name: 
! Emergency stop.
<read *> 
         
l.40 \input{talk/mathdef}
                         
*** (cannot \read from terminal in nonstop modes)

 
Here is how much of TeX's memory you used:
 34056 strings out of 492946
 649000 string characters out of 3135527
 732497 words of memory out of 3000000
 37418 multiletter control sequences out of 15000+200000
 533256 words of font info for 27 fonts, out of 3000000 for 9000
 1141 hyphenation exceptions out of 8191
 56i,1n,74p,793b,317s stack positions out of 5000i,500n,10000p,200000b,50000s
!  ==> Fatal error occurred, no output PDF file produced!
